<?xml version="1.0" encoding="UTF-8"?>
<testng-results ignored="0" total="1" passed="1" failed="0" skipped="0">
  <reporter-output>
  </reporter-output>
  <suite started-at="2022-04-02T16:34:24 MDT" name="Default suite" finished-at="2022-04-02T16:34:41 MDT" duration-ms="16381">
    <groups>
    </groups>
    <test started-at="2022-04-02T16:34:24 MDT" name="Default test" finished-at="2022-04-02T16:34:41 MDT" duration-ms="16381">
      <class name="seleniumprojects.ActionsInSelenium">
        <test-method signature="ActDemo()[pri:0, instance:seleniumprojects.ActionsInSelenium@483f6d77]" started-at="2022-04-02T16:34:24 MDT" name="ActDemo" finished-at="2022-04-02T16:34:41 MDT" duration-ms="16347" status="PASS">
          <reporter-output>
          </reporter-output>
        </test-method> <!-- ActDemo -->
      </class> <!-- seleniumprojects.ActionsInSelenium -->
    </test> <!-- Default test -->
  </suite> <!-- Default suite -->
</testng-results>
